<?xml version="1.0" encoding="UTF-8"?>
<testsuite xmlns:xsi="http://www.w3.org/2001/XMLSchema-instance" xsi:noNamespaceSchemaLocation="https://maven.apache.org/surefire/maven-surefire-plugin/xsd/surefire-test-report-3.0.xsd" version="3.0" name="br.com.fesa.projetos.analisadorsintatico.AnalisadorTest" time="0.232" tests="16" errors="0" skipped="0" failures="0">
  <properties>
    <property name="java.specification.version" value="17"/>
    <property name="sun.cpu.isalist" value="amd64"/>
    <property name="sun.jnu.encoding" value="Cp1252"/>
    <property name="java.class.path" value="C:\Users\HP\Documents\NetBeansProjects\AnalisadorSintatico\target\test-classes;C:\Users\HP\Documents\NetBeansProjects\AnalisadorSintatico\target\classes;C:\Users\HP\.m2\repository\org\junit\jupiter\junit-jupiter-api\5.6.0\junit-jupiter-api-5.6.0.jar;C:\Users\HP\.m2\repository\org\apiguardian\apiguardian-api\1.1.0\apiguardian-api-1.1.0.jar;C:\Users\HP\.m2\repository\org\opentest4j\opentest4j\1.2.0\opentest4j-1.2.0.jar;C:\Users\HP\.m2\repository\org\junit\platform\junit-platform-commons\1.6.0\junit-platform-commons-1.6.0.jar;C:\Users\HP\.m2\repository\org\junit\jupiter\junit-jupiter-params\5.6.0\junit-jupiter-params-5.6.0.jar;C:\Users\HP\.m2\repository\org\junit\jupiter\junit-jupiter-engine\5.6.0\junit-jupiter-engine-5.6.0.jar;C:\Users\HP\.m2\repository\org\junit\platform\junit-platform-engine\1.6.0\junit-platform-engine-1.6.0.jar;"/>
    <property name="java.vm.vendor" value="Oracle Corporation"/>
    <property name="sun.arch.data.model" value="64"/>
    <property name="user.variant" value=""/>
    <property name="java.vendor.url" value="https://java.oracle.com/"/>
    <property name="user.timezone" value="America/Sao_Paulo"/>
    <property name="os.name" value="Windows 10"/>
    <property name="java.vm.specification.version" value="17"/>
    <property name="user.country" value="BR"/>
    <property name="sun.java.launcher" value="SUN_STANDARD"/>
    <property name="sun.boot.library.path" value="C:\Program Files\Java\jdk-17\bin"/>
    <property name="sun.java.command" value="C:\Users\HP\AppData\Local\Temp\surefire17585281588298044178\surefirebooter-20231030160616475_3.jar C:\Users\HP\AppData\Local\Temp\surefire17585281588298044178 2023-10-30T16-06-16_202-jvmRun1 surefire-20231030160616475_1tmp surefire_0-20231030160616475_2tmp"/>
    <property name="jdk.debug" value="release"/>
    <property name="test" value="br.com.fesa.projetos.analisadorsintatico.AnalisadorTest"/>
    <property name="surefire.test.class.path" value="C:\Users\HP\Documents\NetBeansProjects\AnalisadorSintatico\target\test-classes;C:\Users\HP\Documents\NetBeansProjects\AnalisadorSintatico\target\classes;C:\Users\HP\.m2\repository\org\junit\jupiter\junit-jupiter-api\5.6.0\junit-jupiter-api-5.6.0.jar;C:\Users\HP\.m2\repository\org\apiguardian\apiguardian-api\1.1.0\apiguardian-api-1.1.0.jar;C:\Users\HP\.m2\repository\org\opentest4j\opentest4j\1.2.0\opentest4j-1.2.0.jar;C:\Users\HP\.m2\repository\org\junit\platform\junit-platform-commons\1.6.0\junit-platform-commons-1.6.0.jar;C:\Users\HP\.m2\repository\org\junit\jupiter\junit-jupiter-params\5.6.0\junit-jupiter-params-5.6.0.jar;C:\Users\HP\.m2\repository\org\junit\jupiter\junit-jupiter-engine\5.6.0\junit-jupiter-engine-5.6.0.jar;C:\Users\HP\.m2\repository\org\junit\platform\junit-platform-engine\1.6.0\junit-platform-engine-1.6.0.jar;"/>
    <property name="sun.cpu.endian" value="little"/>
    <property name="user.home" value="C:\Users\HP"/>
    <property name="user.language" value="pt"/>
    <property name="java.specification.vendor" value="Oracle Corporation"/>
    <property name="java.version.date" value="2023-07-18"/>
    <property name="java.home" value="C:\Program Files\Java\jdk-17"/>
    <property name="file.separator" value="\"/>
    <property name="basedir" value="C:\Users\HP\Documents\NetBeansProjects\AnalisadorSintatico"/>
    <property name="java.vm.compressedOopsMode" value="32-bit"/>
    <property name="line.separator" value="&#10;"/>
    <property name="java.vm.specification.vendor" value="Oracle Corporation"/>
    <property name="java.specification.name" value="Java Platform API Specification"/>
    <property name="surefire.real.class.path" value="C:\Users\HP\AppData\Local\Temp\surefire17585281588298044178\surefirebooter-20231030160616475_3.jar"/>
    <property name="user.script" value=""/>
    <property name="sun.management.compiler" value="HotSpot 64-Bit Tiered Compilers"/>
    <property name="java.runtime.version" value="17.0.8+9-LTS-211"/>
    <property name="user.name" value="HP"/>
    <property name="path.separator" value=";"/>
    <property name="os.version" value="10.0"/>
    <property name="java.runtime.name" value="Java(TM) SE Runtime Environment"/>
    <property name="file.encoding" value="UTF-8"/>
    <property name="java.vm.name" value="Java HotSpot(TM) 64-Bit Server VM"/>
    <property name="maven.ext.class.path" value="C:\Program Files\NetBeans-18\netbeans\java\maven-nblib\netbeans-eventspy.jar"/>
    <property name="localRepository" value="C:\Users\HP\.m2\repository"/>
    <property name="java.vendor.url.bug" value="https://bugreport.java.com/bugreport/"/>
    <property name="java.io.tmpdir" value="C:\Users\HP\AppData\Local\Temp\"/>
    <property name="java.version" value="17.0.8"/>
    <property name="user.dir" value="C:\Users\HP\Documents\NetBeansProjects\AnalisadorSintatico"/>
    <property name="os.arch" value="amd64"/>
    <property name="java.vm.specification.name" value="Java Virtual Machine Specification"/>
    <property name="sun.os.patch.level" value=""/>
    <property name="native.encoding" value="Cp1252"/>
    <property name="java.library.path" value="C:\Program Files\Java\jdk-17\bin;C:\Windows\Sun\Java\bin;C:\Windows\system32;C:\Windows;C:\Program Files\Common Files\Siemens\Automation\Simatic OAM\bin;C:\Program Files\Common Files\Oracle\Java\javapath;C:\Program Files (x86)\Common Files\Oracle\Java\javapath;C:\Windows\system32;C:\Windows;C:\Windows\System32\Wbem;C:\Windows\System32\WindowsPowerShell\v1.0\;C:\Windows\System32\OpenSSH\;C:\Program Files\Microsoft SQL Server\120\Tools\Binn\;C:\ProgramData\chocolatey\bin;C:\Program Files\nodejs\;C:\Program Files\OpenJDK\openjdk-11.0.15_10\bin;C:\Program Files\Git\cmd;C:\Program Files\dotnet\;C:\Program Files\Microsoft SQL Server\130\Tools\Binn\;C:\Program Files\Microsoft SQL Server\Client SDK\ODBC\170\Tools\Binn\;C:\Program Files (x86)\Microsoft SQL Server\160\Tools\Binn\;C:\Program Files\Microsoft SQL Server\160\Tools\Binn\;C:\Program Files\Microsoft SQL Server\160\DTS\Binn\;C:\Program Files (x86)\Microsoft SQL Server\160\DTS\Binn\;C:\Program Files\Azure Data Studio\bin;C:\Program Files\Microsoft SQL Server\150\Tools\Binn\;C:\Program Files\MySQL\MySQL Shell 8.0\bin\;C:\Users\HP\AppData\Local\Programs\Python\Python310\Scripts\;C:\Users\HP\AppData\Local\Programs\Python\Python310\;C:\Users\HP\AppData\Local\Programs\Python\Python39\Scripts\;C:\Users\HP\AppData\Local\Programs\Python\Python39\;C:\Users\HP\AppData\Local\Microsoft\WindowsApps;C:\Users\HP\AppData\Roaming\npm;C:\Users\HP\AppData\Local\Programs\Microsoft VS Code\bin;C:\Users\HP\AppData\Local\Android\Sdk\platform-tools;C:\Users\HP\.dotnet\tools;C:\Program Files\Azure Data Studio\bin;C:\MinGW\bin;;."/>
    <property name="java.vm.info" value="mixed mode, sharing"/>
    <property name="java.vendor" value="Oracle Corporation"/>
    <property name="java.vm.version" value="17.0.8+9-LTS-211"/>
    <property name="sun.io.unicode.encoding" value="UnicodeLittle"/>
    <property name="java.class.version" value="61.0"/>
  </properties>
  <testcase name="testRealizaAnaliseTrue(String)[1]" classname="br.com.fesa.projetos.analisadorsintatico.AnalisadorTest" time="0.067"/>
  <testcase name="testRealizaAnaliseTrue(String)[2]" classname="br.com.fesa.projetos.analisadorsintatico.AnalisadorTest" time="0.005"/>
  <testcase name="testRealizaAnaliseTrue(String)[3]" classname="br.com.fesa.projetos.analisadorsintatico.AnalisadorTest" time="0.006"/>
  <testcase name="testRealizaAnaliseTrue(String)[4]" classname="br.com.fesa.projetos.analisadorsintatico.AnalisadorTest" time="0.003"/>
  <testcase name="testRealizaAnaliseTrue(String)[5]" classname="br.com.fesa.projetos.analisadorsintatico.AnalisadorTest" time="0.005"/>
  <testcase name="testRealizaAnaliseTrue(String)[6]" classname="br.com.fesa.projetos.analisadorsintatico.AnalisadorTest" time="0.003"/>
  <testcase name="testRealizaAnaliseTrue(String)[7]" classname="br.com.fesa.projetos.analisadorsintatico.AnalisadorTest" time="0.003"/>
  <testcase name="testRealizaAnaliseTrue(String)[8]" classname="br.com.fesa.projetos.analisadorsintatico.AnalisadorTest" time="0.003"/>
  <testcase name="testRealizaAnaliseFalse(String)[1]" classname="br.com.fesa.projetos.analisadorsintatico.AnalisadorTest" time="0.001"/>
  <testcase name="testRealizaAnaliseFalse(String)[2]" classname="br.com.fesa.projetos.analisadorsintatico.AnalisadorTest" time="0"/>
  <testcase name="testRealizaAnaliseFalse(String)[3]" classname="br.com.fesa.projetos.analisadorsintatico.AnalisadorTest" time="0"/>
  <testcase name="testRealizaAnaliseFalse(String)[4]" classname="br.com.fesa.projetos.analisadorsintatico.AnalisadorTest" time="0"/>
  <testcase name="testRealizaAnaliseFalse(String)[5]" classname="br.com.fesa.projetos.analisadorsintatico.AnalisadorTest" time="0"/>
  <testcase name="testRealizaAnaliseFalse(String)[6]" classname="br.com.fesa.projetos.analisadorsintatico.AnalisadorTest" time="0.018"/>
  <testcase name="testRealizaAnaliseFalse(String)[7]" classname="br.com.fesa.projetos.analisadorsintatico.AnalisadorTest" time="0.002"/>
  <testcase name="testRealizaAnaliseFalse(String)[8]" classname="br.com.fesa.projetos.analisadorsintatico.AnalisadorTest" time="0.002"/>
</testsuite>